#
# There is insufficient memory for the Java Runtime Environment to continue.
# Native memory allocation (mmap) failed to map 264241152 bytes. Error detail: G1 virtual space
# Possible reasons:
#   The system is out of physical RAM or swap space
#   This process is running with CompressedOops enabled, and the Java Heap may be blocking the growth of the native heap
# Possible solutions:
#   Reduce memory load on the system
#   Increase physical memory or swap space
#   Check if swap backing store is full
#   Decrease Java heap size (-Xmx/-Xms)
#   Decrease number of Java threads
#   Decrease Java thread stack sizes (-Xss)
#   Set larger code cache with -XX:ReservedCodeCacheSize=
#   JVM is running with Zero Based Compressed Oops mode in which the Java heap is
#     placed in the first 32GB address space. The Java Heap base address is the
#     maximum limit for the native heap growth. Please use -XX:HeapBaseMinAddress
#     to set the Java Heap base and to place the Java Heap above 32GB virtual address.
# This output file may be truncated or incomplete.
#
#  Out of Memory Error (os_windows.cpp:3926), pid=25608, tid=10864
#
# JRE version:  (21.0.10) (build )
# Java VM: OpenJDK 64-Bit Server VM (21.0.10+-14961533-b1163.108, mixed mode, sharing, tiered, compressed oops, compressed class ptrs, g1 gc, windows-amd64)
# No core dump will be written. Minidumps are not enabled by default on client versions of Windows
#

---------------  S U M M A R Y ------------

Command Line: org.jetbrains.kotlin.cli.jvm.K2JVMCompiler @D:\JP SITEPLUS\mobile-engineer\build\share_plus\20260514_13538955139476596001.compiler.options

Host: 12th Gen Intel(R) Core(TM) i5-12500H, 16 cores, 15G,  Windows 11 , 64 bit Build 26100 (10.0.26100.8328)
Time: Thu May 14 16:11:00 2026 India Standard Time elapsed time: 0.028913 seconds (0d 0h 0m 0s)

---------------  T H R E A D  ---------------

Current thread (0x00000211dfdf4a70):  JavaThread "Unknown thread" [_thread_in_vm, id=10864, stack(0x000000bbd1f00000,0x000000bbd2000000) (1024K)]

Stack: [0x000000bbd1f00000,0x000000bbd2000000]
Native frames: (J=compiled Java code, j=interpreted, Vv=VM code, C=native code)
V  [jvm.dll+0x6d78a9]
V  [jvm.dll+0x8665b3]
V  [jvm.dll+0x868bde]
V  [jvm.dll+0x8692c3]
V  [jvm.dll+0x280ee6]
V  [jvm.dll+0x6d4165]
V  [jvm.dll+0x6c77fa]
V  [jvm.dll+0x358f4b]
V  [jvm.dll+0x360bc6]
V  [jvm.dll+0x3b2ea6]
V  [jvm.dll+0x3b3178]
V  [jvm.dll+0x32b65c]
V  [jvm.dll+0x32c34b]
V  [jvm.dll+0x82f449]
V  [jvm.dll+0x3c0078]
V  [jvm.dll+0x8185e8]
V  [jvm.dll+0x45449e]
V  [jvm.dll+0x455c01]
C  [jli.dll+0x52ab]
C  [ucrtbase.dll+0x37b0]
C  [KERNEL32.DLL+0x2e957]
C  [ntdll.dll+0x427c]


---------------  P R O C E S S  ---------------

Threads class SMR info:
_java_thread_list=0x00007ffeb15ab9c8, length=0, elements={
}

Java Threads: ( => current thread )
Total: 0

Other Threads:
  0x00000211e23637b0 WorkerThread "GC Thread#0"                     [id=13260, stack(0x000000bbd2000000,0x000000bbd2100000) (1024K)]
  0x00000211e2375800 ConcurrentGCThread "G1 Main Marker"            [id=15300, stack(0x000000bbd2100000,0x000000bbd2200000) (1024K)]
  0x00000211e2376320 WorkerThread "G1 Conc#0"                       [id=16748, stack(0x000000bbd2200000,0x000000bbd2300000) (1024K)]

[error occurred during error reporting (printing all threads), id 0xc0000005, EXCEPTION_ACCESS_VIOLATION (0xc0000005) at pc=0x00007ffeb0d9e637]
VM state: not at safepoint (not fully initialized)

VM Mutex/Monitor currently owned by a thread:  ([mutex/lock_event])
[0x00007ffeb16187d0] Heap_lock - owner thread: 0x00000211dfdf4a70

Heap address: 0x0000000705e00000, size: 4002 MB, Compressed Oops mode: Zero based, Oop shift amount: 3

CDS archive(s) mapped at: [0x0000000000000000-0x0000000000000000-0x0000000000000000), size 0, SharedBaseAddress: 0x0000000800000000, ArchiveRelocationMode: 1.
Narrow klass base: 0x0000000000000000, Narrow klass shift: 0, Narrow klass range: 0x0

GC Precious Log:
 CardTable entry size: 512
 Card Set container configuration: InlinePtr #cards 4 size 8 Array Of Cards #cards 16 size 48 Howl #buckets 8 coarsen threshold 3686 Howl Bitmap #cards 512 size 80 coarsen threshold 460 Card regions per heap region 1 cards per card region 4096

Heap:
 garbage-first heap   total 0K, used 0K [0x0000000705e00000, 0x0000000800000000)
  region size 2048K, 0 young (0K), 0 survivors (0K)
 Metaspace       used 0K, committed 0K, reserved 0K
  class space    used 0K, committed 0K, reserved 0K

Heap Regions: E=young(eden), S=young(survivor), O=old, HS=humongous(starts), HC=humongous(continues), CS=collection set, F=free, TAMS=top-at-mark-start, PB=parsable bottom

Card table byte_map: [0x00000211f53b0000,0x00000211f5b90000] _byte_map_base: 0x00000211f1b81000

Marking Bits: (CMBitMap*) 0x00000211e23646d0
 Bits: [0x00000211f5b90000, 0x00000211f9a18000)

GC Heap History (0 events):
No events

Dll operation events (1 events):
Event: 0.024 Loaded shared library C:\Program Files\Android\Android Studio\jbr\bin\java.dll

Deoptimization events (0 events):
No events

Classes loaded (0 events):
No events

Classes unloaded (0 events):
No events

Classes redefined (0 events):
No events

Internal exceptions (0 events):
No events

ZGC Phase Switch (0 events):
No events

VM Operations (0 events):
No events

Memory protections (0 events):
No events

Nmethod flushes (0 events):
No events

Events (0 events):
No events


Dynamic libraries:
0x00007ff6e55f0000 - 0x00007ff6e55fa000 	C:\Program Files\Android\Android Studio\jbr\bin\java.exe
0x00007fff41040000 - 0x00007fff412a7000 	C:\WINDOWS\SYSTEM32\ntdll.dll
0x00007fff40240000 - 0x00007fff40309000 	C:\WINDOWS\System32\KERNEL32.DLL
0x00007fff3e720000 - 0x00007fff3eb17000 	C:\WINDOWS\System32\KERNELBASE.dll
0x00007fff3db20000 - 0x00007fff3dc6b000 	C:\WINDOWS\System32\ucrtbase.dll
0x00007fff28700000 - 0x00007fff28718000 	C:\Program Files\Android\Android Studio\jbr\bin\jli.dll
0x00007ffeb0a30000 - 0x00007ffeb0a4b000 	C:\Program Files\Android\Android Studio\jbr\bin\VCRUNTIME140.dll
0x00007fff40310000 - 0x00007fff404d6000 	C:\WINDOWS\System32\USER32.dll
0x00007fff22370000 - 0x00007fff22602000 	C:\WINDOWS\WinSxS\amd64_microsoft.windows.common-controls_6595b64144ccf1df_6.0.26100.8457_none_3e0b2faee331e92d\COMCTL32.dll
0x00007fff3dc70000 - 0x00007fff3dc97000 	C:\WINDOWS\System32\win32u.dll
0x00007fff40c30000 - 0x00007fff40c5b000 	C:\WINDOWS\System32\GDI32.dll
0x00007fff40010000 - 0x00007fff400b9000 	C:\WINDOWS\System32\msvcrt.dll
0x00007fff3ec90000 - 0x00007fff3edbc000 	C:\WINDOWS\System32\gdi32full.dll
0x00007fff3da70000 - 0x00007fff3db13000 	C:\WINDOWS\System32\msvcp_win.dll
0x00007fff406c0000 - 0x00007fff406f2000 	C:\WINDOWS\System32\IMM32.DLL
0x00007ffeb0a50000 - 0x00007ffeb0a5c000 	C:\Program Files\Android\Android Studio\jbr\bin\vcruntime140_1.dll
0x00007ffefd4a0000 - 0x00007ffefd52d000 	C:\Program Files\Android\Android Studio\jbr\bin\msvcp140.dll
0x00007ffeb0a60000 - 0x00007ffeb16f6000 	C:\Program Files\Android\Android Studio\jbr\bin\server\jvm.dll
0x00007fff3f600000 - 0x00007fff3f6b6000 	C:\WINDOWS\System32\ADVAPI32.dll
0x00007fff3ff60000 - 0x00007fff40007000 	C:\WINDOWS\System32\sechost.dll
0x00007fff3ee50000 - 0x00007fff3ef68000 	C:\WINDOWS\System32\RPCRT4.dll
0x00007fff3edc0000 - 0x00007fff3ee40000 	C:\WINDOWS\System32\WS2_32.dll
0x00007fff3d8d0000 - 0x00007fff3d92e000 	C:\WINDOWS\SYSTEM32\POWRPROF.dll
0x00007fff31a20000 - 0x00007fff31a56000 	C:\WINDOWS\SYSTEM32\WINMM.dll
0x00007fff34070000 - 0x00007fff3407b000 	C:\WINDOWS\SYSTEM32\VERSION.dll
0x00007fff3d8b0000 - 0x00007fff3d8c4000 	C:\WINDOWS\SYSTEM32\UMPDC.dll
0x00007fff3c800000 - 0x00007fff3c81b000 	C:\WINDOWS\SYSTEM32\kernel.appcore.dll
0x00007ffeb0a20000 - 0x00007ffeb0a2a000 	C:\Program Files\Android\Android Studio\jbr\bin\jimage.dll
0x00007fff3b980000 - 0x00007fff3bbc2000 	C:\WINDOWS\SYSTEM32\DBGHELP.DLL
0x00007fff3f270000 - 0x00007fff3f5f3000 	C:\WINDOWS\System32\combase.dll
0x00007fff400e0000 - 0x00007fff401b9000 	C:\WINDOWS\System32\OLEAUT32.dll
0x00007fff1dea0000 - 0x00007fff1dedb000 	C:\WINDOWS\SYSTEM32\dbgcore.DLL
0x00007fff3eb20000 - 0x00007fff3ebc8000 	C:\WINDOWS\System32\bcryptPrimitives.dll
0x00007ffeb0960000 - 0x00007ffeb0980000 	C:\Program Files\Android\Android Studio\jbr\bin\java.dll

JVMTI agents: none

dbghelp: loaded successfully - version: 4.0.5 - missing functions: none
symbol engine: initialized successfully - sym options: 0x614 - pdb path: .;C:\Program Files\Android\Android Studio\jbr\bin;C:\WINDOWS\SYSTEM32;C:\WINDOWS\WinSxS\amd64_microsoft.windows.common-controls_6595b64144ccf1df_6.0.26100.8457_none_3e0b2faee331e92d;C:\Program Files\Android\Android Studio\jbr\bin\server

VM Arguments:
java_command: org.jetbrains.kotlin.cli.jvm.K2JVMCompiler @D:\JP SITEPLUS\mobile-engineer\build\share_plus\20260514_13538955139476596001.compiler.options
java_class_path (initial): C:\Users\Sachin\.gradle\caches\modules-2\files-2.1\org.jetbrains.kotlin\kotlin-compiler-embeddable\2.2.20\bb8331b7585e36ea311825b01a1c06860c055fd1\kotlin-compiler-embeddable-2.2.20.jar;C:\Users\Sachin\.gradle\caches\modules-2\files-2.1\org.jetbrains.kotlin\kotlin-stdlib\2.2.20\5380b19fa1924399b62ce3a1faffebb2b4f82272\kotlin-stdlib-2.2.20.jar;C:\Users\Sachin\.gradle\caches\modules-2\files-2.1\org.jetbrains.kotlin\kotlin-script-runtime\2.2.20\4c679cbeac0bb583b75c3a080013da8eaf240807\kotlin-script-runtime-2.2.20.jar;C:\Users\Sachin\.gradle\caches\modules-2\files-2.1\org.jetbrains.kotlin\kotlin-reflect\1.6.10\1cbe9c92c12a94eea200d23c2bbaedaf3daf5132\kotlin-reflect-1.6.10.jar;C:\Users\Sachin\.gradle\caches\modules-2\files-2.1\org.jetbrains.kotlin\kotlin-daemon-embeddable\2.2.20\feff12d48d7f1eb628742b0a721395e16f8755bf\kotlin-daemon-embeddable-2.2.20.jar;C:\Users\Sachin\.gradle\caches\modules-2\files-2.1\org.jetbrains.kotlinx\kotlinx-coroutines-core-jvm\1.8.0\ac1dc37a30a93150b704022f8d895ee1bd3a36b3\kotlinx-coroutines-core-jvm-1.8.0.jar;C:\Users\Sachin\.gradle\caches\modules-2\files-2.1\org.jetbrains\annotations\13.0\919f0dfe192fb4e063e7dacadee7f8bb9a2672a9\annotations-13.0.jar
Launcher Type: SUN_STANDARD

[Global flags]
     intx CICompilerCount                          = 12                                        {product} {ergonomic}
     uint ConcGCThreads                            = 3                                         {product} {ergonomic}
     uint G1ConcRefinementThreads                  = 13                                        {product} {ergonomic}
   size_t G1HeapRegionSize                         = 2097152                                   {product} {ergonomic}
    uintx GCDrainStackTargetSize                   = 64                                        {product} {ergonomic}
   size_t InitialHeapSize                          = 264241152                                 {product} {ergonomic}
   size_t MarkStackSize                            = 4194304                                   {product} {ergonomic}
   size_t MaxHeapSize                              = 4196401152                                {product} {ergonomic}
   size_t MinHeapDeltaBytes                        = 2097152                                   {product} {ergonomic}
   size_t MinHeapSize                              = 8388608                                   {product} {ergonomic}
    uintx NonNMethodCodeHeapSize                   = 7602480                                {pd product} {ergonomic}
    uintx NonProfiledCodeHeapSize                  = 122027880                              {pd product} {ergonomic}
    uintx ProfiledCodeHeapSize                     = 122027880                              {pd product} {ergonomic}
    uintx ReservedCodeCacheSize                    = 251658240                              {pd product} {ergonomic}
     bool SegmentedCodeCache                       = true                                      {product} {ergonomic}
   size_t SoftMaxHeapSize                          = 4196401152                             {manageable} {ergonomic}
     bool UseCompressedOops                        = true                           {product lp64_product} {ergonomic}
     bool UseG1GC                                  = true                                      {product} {ergonomic}
     bool UseLargePagesIndividualAllocation        = false                                  {pd product} {ergonomic}

Logging:
Log output configuration:
 #0: stdout all=warning uptime,level,tags foldmultilines=false
 #1: stderr all=off uptime,level,tags foldmultilines=false

Release file:
<release file has not been read>
Environment Variables:
JAVA_HOME=C:\Program Files\Android\Android Studio\jbr
CLASSPATH=D:\JP SITEPLUS\mobile-engineer\android\\gradle\wrapper\gradle-wrapper.jar
PATH=C:\Program Files\Android\Android Studio\jbr\bin;C:\Users\Sachin\AppData\Local\Programs\Python\Python312\Scripts\;C:\Users\Sachin\AppData\Local\Programs\Python\Python312\;C:\WINDOWS\system32;C:\WINDOWS;D:\src\flutter\bin;C:\WINDOWS\System32\Wbem;C:\WINDOWS\System32\WindowsPowerShell\v1.0\;C:\WINDOWS\System32\OpenSSH\;C:\ProgramData\chocolatey\bin;C:\Program Files\MongoDB\Server\7.0\bin;C:\Program Files\Git\cmd;C:\Program Files\Git\mingw64\bin;C:\Program Files\Git\usr\bin;C:\Program Files\nodejs\;C:\Program Files (x86)\Microsoft SQL Server\160\DTS\Binn\;C:\Program Files (x86)\Microsoft SQL Server\160\Tools\Binn\;C:\Program Files\Microsoft SQL Server\160\Tools\Binn\;C:\Program Files\Microsoft SQL Server\Client SDK\ODBC\170\Tools\Binn\;C:\Program Files\Microsoft SQL Server\160\DTS\Binn\;C:\Program Files\Microsoft SQL Server\150\Tools\Binn\;C:\Program Files\dotnet\;C:\Program Files\Android\jdk\jdk-8.0.302.8-hotspot\jdk8u302-b08\bin;C:\Users\Sachin\scoop\shims;C:\Program Files\MySQL\MySQL Shell 8.0\bin\;C:\Users\Sachin\AppData\Local\Programs\Microsoft VS Code\bin;C:\MinGW\bin;C:\Users\Sachin\AppData\Local\JetBrains\IntelliJ IDEA Community Edition 2023.3.4\bin;C:\Program Files\JetBrains\PyCharm 2024.2.3\bin;C:\Users\Sachin\AppData\Local\Microsoft\WindowsApps;C:\Users\Sachin\AppData\Roaming\npm;C:\Users\Sachin\.dotnet\tools;C:\Users\Sachin\Downloads\flutter_windows_3.29.3-stable\flutter\bin;C:\Users\Sachin\AppData\Local\GitHubDesktop\bin;D:\COLLEGE DE\Antigravity\bin
USERNAME=Sachin
OS=Windows_NT
PROCESSOR_IDENTIFIER=Intel64 Family 6 Model 154 Stepping 3, GenuineIntel
TMP=C:\Users\Sachin\AppData\Local\Temp
TEMP=C:\Users\Sachin\AppData\Local\Temp




Periodic native trim disabled

JNI global refs:
JNI global refs: 0, weak refs: 0

JNI global refs memory usage: 0, weak refs: 0

Process memory usage:
Resident Set Size: 13912K (0% of 16388268K total physical memory with 1004916K free physical memory)

OOME stack traces (most recent first):
Classloader memory used:

---------------  S Y S T E M  ---------------

OS:
 Windows 11 , 64 bit Build 26100 (10.0.26100.8328)
OS uptime: 0 days 2:53 hours
Hyper-V role detected

CPU: total 16 (initial active 16) (8 cores per cpu, 2 threads per core) family 6 model 154 stepping 3 microcode 0x432, cx8, cmov, fxsr, ht, mmx, 3dnowpref, sse, sse2, sse3, ssse3, sse4.1, sse4.2, popcnt, lzcnt, tsc, tscinvbit, avx, avx2, aes, erms, clmul, bmi1, bmi2, adx, sha, fma, vzeroupper, clflush, clflushopt, clwb, hv, serialize, rdtscp, rdpid, fsrm, f16c, cet_ibt, cet_ss
Processor Information for processor 0
  Max Mhz: 2500, Current Mhz: 2500, Mhz Limit: 2500
Processor Information for processor 1
  Max Mhz: 2500, Current Mhz: 2500, Mhz Limit: 2500
Processor Information for processor 2
  Max Mhz: 2500, Current Mhz: 2500, Mhz Limit: 2500
Processor Information for processor 3
  Max Mhz: 2500, Current Mhz: 2500, Mhz Limit: 2500
Processor Information for processor 4
  Max Mhz: 2500, Current Mhz: 2500, Mhz Limit: 2500
Processor Information for processor 5
  Max Mhz: 2500, Current Mhz: 2500, Mhz Limit: 2500
Processor Information for processor 6
  Max Mhz: 2500, Current Mhz: 2500, Mhz Limit: 2500
Processor Information for processor 7
  Max Mhz: 2500, Current Mhz: 2500, Mhz Limit: 2500
Processor Information for processor 8
  Max Mhz: 2500, Current Mhz: 1800, Mhz Limit: 1800
Processor Information for processor 9
  Max Mhz: 2500, Current Mhz: 1800, Mhz Limit: 1800
Processor Information for processor 10
  Max Mhz: 2500, Current Mhz: 1800, Mhz Limit: 1800
Processor Information for processor 11
  Max Mhz: 2500, Current Mhz: 1800, Mhz Limit: 1800
Processor Information for processor 12
  Max Mhz: 2500, Current Mhz: 1800, Mhz Limit: 1800
Processor Information for processor 13
  Max Mhz: 2500, Current Mhz: 1800, Mhz Limit: 1800
Processor Information for processor 14
  Max Mhz: 2500, Current Mhz: 1800, Mhz Limit: 1800
Processor Information for processor 15
  Max Mhz: 2500, Current Mhz: 1800, Mhz Limit: 1800

Memory: 4k page, system-wide physical 16004M (981M free)
TotalPageFile size 25792M (AvailPageFile size 20M)
current process WorkingSet (physical memory assigned to process): 13M, peak: 13M
current process commit charge ("private bytes"): 70M, peak: 322M

vm_info: OpenJDK 64-Bit Server VM (21.0.10+-14961533-b1163.108) for windows-amd64 JRE (21.0.10+-14961533-b1163.108), built on 2026-03-02T19:58:50Z by "builder" with MS VC++ 16.10 / 16.11 (VS2019)

END.
